<?xml version="1.0" encoding="UTF-8"?>
<!-- Generated by org.testng.reporters.JUnitXMLReporter -->
<testsuite hostname="nycpusagolube.local" name="Contact Form" tests="1" failures="1" timestamp="22 May 2014 18:00:41 GMT" time="127.165" errors="0">
  <testcase name="testMe" time="127.022" classname="com.nestle.test.ContactFormTablet">
    <failure type="org.openqa.selenium.WebDriverException" message="Unable to communicate to node (WARNING: The server did not provide any stacktrace information)
Command duration or timeout: 100.67 seconds
Build info: version: &amp;apos;2.37.0&amp;apos;, revision: &amp;apos;a7c61cbd68657e133ae96672cf995890bad2ee42&amp;apos;, time: &amp;apos;2013-10-18 09:51:02&amp;apos;
System info: host: &amp;apos;nycpusagolube.local&amp;apos;, ip: &amp;apos;10.211.55.2&amp;apos;, os.name: &amp;apos;Mac OS X&amp;apos;, os.arch: &amp;apos;x86_64&amp;apos;, os.version: &amp;apos;10.8.5&amp;apos;, java.version: &amp;apos;1.7.0_40&amp;apos;
Session ID: adeb4450add2d2da35b8f21cf4bfa4deeb7e2596
Driver info: org.openqa.selenium.remote.RemoteWebDriver
Capabilities [{platform=MAC, databaseEnabled=true, javascriptEnabled=true, browserName=iPad, webStorageEnabled=true, locationContextEnabled=true, takesScreenshot=true, version=6.0}]">
      <![CDATA[org.openqa.selenium.WebDriverException: Unable to communicate to node (WARNING: The server did not provide any stacktrace information)
Command duration or timeout: 100.67 seconds
Build info: version: '2.37.0', revision: 'a7c61cbd68657e133ae96672cf995890bad2ee42', time: '2013-10-18 09:51:02'
System info: host: 'nycpusagolube.local', ip: '10.211.55.2', os.name: 'Mac OS X', os.arch: 'x86_64', os.version: '10.8.5', java.version: '1.7.0_40'
Session ID: adeb4450add2d2da35b8f21cf4bfa4deeb7e2596
Driver info: org.openqa.selenium.remote.RemoteWebDriver
Capabilities [{platform=MAC, databaseEnabled=true, javascriptEnabled=true, browserName=iPad, webStorageEnabled=true, locationContextEnabled=true, takesScreenshot=true, version=6.0}]
	at org.openqa.selenium.remote.ErrorHandler.createThrowable(ErrorHandler.java:193)
	at org.openqa.selenium.remote.ErrorHandler.throwIfResponseFailed(ErrorHandler.java:145)
	at org.openqa.selenium.remote.RemoteWebDriver.execute(RemoteWebDriver.java:554)
	at org.openqa.selenium.remote.RemoteWebDriver.findElement(RemoteWebDriver.java:307)
	at org.openqa.selenium.remote.RemoteWebDriver.findElementById(RemoteWebDriver.java:348)
	at org.openqa.selenium.By$ById.findElement(By.java:220)
	at org.openqa.selenium.remote.RemoteWebDriver.findElement(RemoteWebDriver.java:299)
	at com.nestle.test.ContactFormTablet.testMe(ContactFormTablet.java:85)
	at org.apache.maven.surefire.testng.TestNGExecutor.run(TestNGExecutor.java:122)
	at org.apache.maven.surefire.testng.TestNGXmlTestSuite.execute(TestNGXmlTestSuite.java:92)
	at org.apache.maven.surefire.testng.TestNGProvider.invoke(TestNGProvider.java:101)
	at org.apache.maven.surefire.util.ReflectionUtils.invokeMethodWithArray(ReflectionUtils.java:164)
	at org.apache.maven.surefire.booter.ProviderFactory$ProviderProxy.invoke(ProviderFactory.java:110)
	at org.apache.maven.surefire.booter.SurefireStarter.invokeProvider(SurefireStarter.java:175)
	at org.apache.maven.surefire.booter.SurefireStarter.runSuitesInProcessWhenForked(SurefireStarter.java:107)
	at org.apache.maven.surefire.booter.ForkedBooter.main(ForkedBooter.java:68)
... Removed 6 stack frames]]>
    </failure>
  </testcase>
</testsuite>
