<?xml version="1.0" encoding="UTF-8"?>
<!-- Generated by org.testng.reporters.JUnitReportReporter -->
<testsuite hostname="nycpusagolube.local" name="com.nestle.test.ContactFormTablet" tests="1" failures="1" timestamp="22 May 2014 17:19:53 GMT" time="176.834" errors="0">
  <testcase name="testMe" time="176.834" classname="com.nestle.test.ContactFormTablet">
    <failure type="org.openqa.selenium.WebDriverException" message="Session terminated (WARNING: The server did not provide any stacktrace information)
Command duration or timeout: 150.58 seconds
Build info: version: &#039;2.37.0&#039;, revision: &#039;a7c61cbd68657e133ae96672cf995890bad2ee42&#039;, time: &#039;2013-10-18 09:51:02&#039;
System info: host: &#039;nycpusagolube.local&#039;, ip: &#039;10.211.55.2&#039;, os.name: &#039;Mac OS X&#039;, os.arch: &#039;x86_64&#039;, os.version: &#039;10.8.5&#039;, java.version: &#039;1.7.0_40&#039;
Session ID: 735e37664aedc958993de34d3fd107233159fcc2
Driver info: org.openqa.selenium.remote.RemoteWebDriver
Capabilities [{platform=MAC, databaseEnabled=true, javascriptEnabled=true, browserName=iPad, webStorageEnabled=true, locationContextEnabled=true, takesScreenshot=true, version=6.0}]">
      <![CDATA[org.openqa.selenium.WebDriverException: Session terminated (WARNING: The server did not provide any stacktrace information)
Command duration or timeout: 150.58 seconds
Build info: version: '2.37.0', revision: 'a7c61cbd68657e133ae96672cf995890bad2ee42', time: '2013-10-18 09:51:02'
System info: host: 'nycpusagolube.local', ip: '10.211.55.2', os.name: 'Mac OS X', os.arch: 'x86_64', os.version: '10.8.5', java.version: '1.7.0_40'
Session ID: 735e37664aedc958993de34d3fd107233159fcc2
Driver info: org.openqa.selenium.remote.RemoteWebDriver
Capabilities [{platform=MAC, databaseEnabled=true, javascriptEnabled=true, browserName=iPad, webStorageEnabled=true, locationContextEnabled=true, takesScreenshot=true, version=6.0}]
	at sun.reflect.NativeConstructorAccessorImpl.newInstance0(Native Method)
	at java.lang.reflect.Constructor.newInstance(Constructor.java:526)
	at org.openqa.selenium.remote.ErrorHandler.createThrowable(ErrorHandler.java:193)
	at org.openqa.selenium.remote.ErrorHandler.throwIfResponseFailed(ErrorHandler.java:145)
	at org.openqa.selenium.remote.RemoteWebDriver.execute(RemoteWebDriver.java:554)
	at org.openqa.selenium.remote.RemoteWebDriver.findElement(RemoteWebDriver.java:307)
	at org.openqa.selenium.remote.RemoteWebDriver.findElementById(RemoteWebDriver.java:348)
	at org.openqa.selenium.By$ById.findElement(By.java:220)
	at org.openqa.selenium.remote.RemoteWebDriver.findElement(RemoteWebDriver.java:299)
	at com.nestle.test.ContactFormTablet.testMe(ContactFormTablet.java:85)
	at sun.reflect.NativeMethodAccessorImpl.invoke0(Native Method)
	at java.lang.reflect.Method.invoke(Method.java:606)
	at org.apache.maven.surefire.testng.TestNGExecutor.run(TestNGExecutor.java:122)
	at org.apache.maven.surefire.testng.TestNGXmlTestSuite.execute(TestNGXmlTestSuite.java:92)
	at org.apache.maven.surefire.testng.TestNGProvider.invoke(TestNGProvider.java:101)
	at sun.reflect.NativeMethodAccessorImpl.invoke0(Native Method)
	at java.lang.reflect.Method.invoke(Method.java:606)
	at org.apache.maven.surefire.util.ReflectionUtils.invokeMethodWithArray(ReflectionUtils.java:164)
	at org.apache.maven.surefire.booter.ProviderFactory$ProviderProxy.invoke(ProviderFactory.java:110)
	at org.apache.maven.surefire.booter.SurefireStarter.invokeProvider(SurefireStarter.java:175)
	at org.apache.maven.surefire.booter.SurefireStarter.runSuitesInProcessWhenForked(SurefireStarter.java:107)
	at org.apache.maven.surefire.booter.ForkedBooter.main(ForkedBooter.java:68)
]]>
    </failure>
  </testcase>
</testsuite>
